<?xml version="1.0" encoding="UTF-8"?>
<testsuite name="com.easter.swaggerdemo.SwaggerdemoApplicationTests" tests="1" skipped="0" failures="0" errors="0" timestamp="2019-11-05T08:44:23" hostname="easterfandeMacBook-Pro.local" time="0.116">
  <properties/>
  <testcase name="contextLoads()" classname="com.easter.swaggerdemo.SwaggerdemoApplicationTests" time="0.116"/>
  <system-out><![CDATA[16:44:21.256 [Test worker] DEBUG org.springframework.test.context.BootstrapUtils - Instantiating CacheAwareContextLoaderDelegate from class [org.springframework.test.context.cache.DefaultCacheAwareContextLoaderDelegate]
16:44:21.270 [Test worker] DEBUG org.springframework.test.context.BootstrapUtils - Instantiating BootstrapContext using constructor [public org.springframework.test.context.support.DefaultBootstrapContext(java.lang.Class,org.springframework.test.context.CacheAwareContextLoaderDelegate)]
16:44:21.293 [Test worker] DEBUG org.springframework.test.context.BootstrapUtils - Instantiating TestContextBootstrapper for test class [com.easter.swaggerdemo.SwaggerdemoApplicationTests] from class [org.springframework.boot.test.context.SpringBootTestContextBootstrapper]
16:44:21.305 [Test worker] INFO org.springframework.boot.test.context.SpringBootTestContextBootstrapper - Neither @ContextConfiguration nor @ContextHierarchy found for test class [com.easter.swaggerdemo.SwaggerdemoApplicationTests], using SpringBootContextLoader
16:44:21.310 [Test worker] DEBUG org.springframework.test.context.support.AbstractContextLoader - Did not detect default resource location for test class [com.easter.swaggerdemo.SwaggerdemoApplicationTests]: class path resource [com/easter/swaggerdemo/SwaggerdemoApplicationTests-context.xml] does not exist
16:44:21.310 [Test worker] DEBUG org.springframework.test.context.support.AbstractContextLoader - Did not detect default resource location for test class [com.easter.swaggerdemo.SwaggerdemoApplicationTests]: class path resource [com/easter/swaggerdemo/SwaggerdemoApplicationTestsContext.groovy] does not exist
16:44:21.311 [Test worker] INFO org.springframework.test.context.support.AbstractContextLoader - Could not detect default resource locations for test class [com.easter.swaggerdemo.SwaggerdemoApplicationTests]: no resource found for suffixes {-context.xml, Context.groovy}.
16:44:21.311 [Test worker] INFO org.springframework.test.context.support.AnnotationConfigContextLoaderUtils - Could not detect default configuration classes for test class [com.easter.swaggerdemo.SwaggerdemoApplicationTests]: SwaggerdemoApplicationTests does not declare any static, non-private, non-final, nested classes annotated with @Configuration.
16:44:21.341 [Test worker] DEBUG org.springframework.test.context.support.ActiveProfilesUtils - Could not find an 'annotation declaring class' for annotation type [org.springframework.test.context.ActiveProfiles] and class [com.easter.swaggerdemo.SwaggerdemoApplicationTests]
16:44:21.421 [Test worker] DEBUG org.springframework.context.annotation.ClassPathScanningCandidateComponentProvider - Identified candidate component class: file [/Users/easterfan/Workspace/swaggerdemo/build/classes/java/main/com/easter/swaggerdemo/SwaggerConfig.class]
16:44:21.423 [Test worker] INFO org.springframework.boot.test.context.SpringBootTestContextBootstrapper - Found @SpringBootConfiguration com.easter.swaggerdemo.SwaggerConfig for test class com.easter.swaggerdemo.SwaggerdemoApplicationTests
16:44:21.495 [Test worker] DEBUG org.springframework.boot.test.context.SpringBootTestContextBootstrapper - @TestExecutionListeners is not present for class [com.easter.swaggerdemo.SwaggerdemoApplicationTests]: using defaults.
16:44:21.496 [Test worker] INFO org.springframework.boot.test.context.SpringBootTestContextBootstrapper - Loaded default TestExecutionListener class names from location [META-INF/spring.factories]: [org.springframework.boot.test.autoconfigure.restdocs.RestDocsTestExecutionListener, org.springframework.boot.test.autoconfigure.web.client.MockRestServiceServerResetTestExecutionListener, org.springframework.boot.test.autoconfigure.web.servlet.MockMvcPrintOnlyOnFailureTestExecutionListener, org.springframework.boot.test.autoconfigure.web.servlet.WebDriverTestExecutionListener, org.springframework.boot.test.mock.mockito.MockitoTestExecutionListener, org.springframework.boot.test.mock.mockito.ResetMocksTestExecutionListener, org.springframework.test.context.web.ServletTestExecutionListener, org.springframework.test.context.support.DirtiesContextBeforeModesTestExecutionListener, org.springframework.test.context.support.DependencyInjectionTestExecutionListener, org.springframework.test.context.support.DirtiesContextTestExecutionListener, org.springframework.test.context.transaction.TransactionalTestExecutionListener, org.springframework.test.context.jdbc.SqlScriptsTestExecutionListener, org.springframework.test.context.event.EventPublishingTestExecutionListener]
16:44:21.503 [Test worker] DEBUG org.springframework.boot.test.context.SpringBootTestContextBootstrapper - Skipping candidate TestExecutionListener [org.springframework.test.context.transaction.TransactionalTestExecutionListener] due to a missing dependency. Specify custom listener classes or make the default listener classes and their required dependencies available. Offending class: [org/springframework/transaction/interceptor/TransactionAttributeSource]
16:44:21.504 [Test worker] DEBUG org.springframework.boot.test.context.SpringBootTestContextBootstrapper - Skipping candidate TestExecutionListener [org.springframework.test.context.jdbc.SqlScriptsTestExecutionListener] due to a missing dependency. Specify custom listener classes or make the default listener classes and their required dependencies available. Offending class: [org/springframework/transaction/interceptor/TransactionAttribute]
16:44:21.504 [Test worker] INFO org.springframework.boot.test.context.SpringBootTestContextBootstrapper - Using TestExecutionListeners: [org.springframework.test.context.web.ServletTestExecutionListener@5c130571, org.springframework.test.context.support.DirtiesContextBeforeModesTestExecutionListener@3dd77374, org.springframework.boot.test.mock.mockito.MockitoTestExecutionListener@4af5c5d7, org.springframework.boot.test.autoconfigure.SpringBootDependencyInjectionTestExecutionListener@f1ab80d, org.springframework.test.context.support.DirtiesContextTestExecutionListener@4b661c12, org.springframework.test.context.event.EventPublishingTestExecutionListener@4dac9ad9, org.springframework.boot.test.autoconfigure.restdocs.RestDocsTestExecutionListener@291335c6, org.springframework.boot.test.autoconfigure.web.client.MockRestServiceServerResetTestExecutionListener@73933a39, org.springframework.boot.test.autoconfigure.web.servlet.MockMvcPrintOnlyOnFailureTestExecutionListener@8ee3ed5, org.springframework.boot.test.autoconfigure.web.servlet.WebDriverTestExecutionListener@21bd0743, org.springframework.boot.test.mock.mockito.ResetMocksTestExecutionListener@11b0abb7]
16:44:21.506 [Test worker] DEBUG org.springframework.test.context.support.AbstractDirtiesContextTestExecutionListener - Before test class: context [DefaultTestContext@1fe58c5e testClass = SwaggerdemoApplicationTests, testInstance = [null], testMethod = [null], testException = [null], mergedContextConfiguration = [WebMergedContextConfiguration@6370c0d2 testClass = SwaggerdemoApplicationTests, locations = '{}', classes = '{class com.easter.swaggerdemo.SwaggerConfig}', contextInitializerClasses = '[]', activeProfiles = '{}', propertySourceLocations = '{}', propertySourceProperties = '{org.springframework.boot.test.context.SpringBootTestContextBootstrapper=true}', contextCustomizers = set[org.springframework.boot.test.autoconfigure.properties.PropertyMappingContextCustomizer@0, org.springframework.boot.test.autoconfigure.web.servlet.WebDriverContextCustomizerFactory$Customizer@ccb90a0, org.springframework.boot.test.context.filter.ExcludeFilterContextCustomizer@6f859cfd, org.springframework.boot.test.json.DuplicateJsonObjectContextCustomizerFactory$DuplicateJsonObjectContextCustomizer@319848a7, org.springframework.boot.test.mock.mockito.MockitoContextCustomizer@0, org.springframework.boot.test.web.client.TestRestTemplateContextCustomizer@4e6008df], resourceBasePath = 'src/main/webapp', contextLoader = 'org.springframework.boot.test.context.SpringBootContextLoader', parent = [null]], attributes = map['org.springframework.test.context.web.ServletTestExecutionListener.activateListener' -> true]], class annotated with @DirtiesContext [false] with mode [null].
16:44:21.524 [Test worker] DEBUG org.springframework.test.context.support.TestPropertySourceUtils - Adding inlined properties to environment: {spring.jmx.enabled=false, org.springframework.boot.test.context.SpringBootTestContextBootstrapper=true, server.port=-1}

  .   ____          _            __ _ _
 /\\ / ___'_ __ _ _(_)_ __  __ _ \ \ \ \
( ( )\___ | '_ | '_| | '_ \/ _` | \ \ \ \
 \\/  ___)| |_)| | | | | || (_| |  ) ) ) )
  '  |____| .__|_| |_|_| |_\__, | / / / /
 =========|_|==============|___/=/_/_/_/
 :: Spring Boot ::        (v2.2.0.RELEASE)

2019-11-05 16:44:21.926  INFO 31486 --- [    Test worker] c.e.s.SwaggerdemoApplicationTests        : Starting SwaggerdemoApplicationTests on easterfandeMacBook-Pro.local with PID 31486 (started by easterfan in /Users/easterfan/Workspace/swaggerdemo)
2019-11-05 16:44:21.927  INFO 31486 --- [    Test worker] c.e.s.SwaggerdemoApplicationTests        : No active profile set, falling back to default profiles: default
2019-11-05 16:44:23.004  INFO 31486 --- [    Test worker] pertySourcedRequestMappingHandlerMapping : Mapped URL path [/v2/api-docs] onto method [springfox.documentation.swagger2.web.Swagger2Controller#getDocumentation(String, HttpServletRequest)]
2019-11-05 16:44:23.248  INFO 31486 --- [    Test worker] o.s.s.concurrent.ThreadPoolTaskExecutor  : Initializing ExecutorService 'applicationTaskExecutor'
2019-11-05 16:44:23.294  INFO 31486 --- [    Test worker] o.s.b.a.w.s.WelcomePageHandlerMapping    : Adding welcome page: class path resource [static/index.html]
2019-11-05 16:44:23.410  INFO 31486 --- [    Test worker] d.s.w.p.DocumentationPluginsBootstrapper : Context refreshed
2019-11-05 16:44:23.427  INFO 31486 --- [    Test worker] d.s.w.p.DocumentationPluginsBootstrapper : Found 1 custom documentation plugin(s)
2019-11-05 16:44:23.448  INFO 31486 --- [    Test worker] s.d.s.w.s.ApiListingReferenceScanner     : Scanning for api listing references
2019-11-05 16:44:23.532  INFO 31486 --- [    Test worker] c.e.s.SwaggerdemoApplicationTests        : Started SwaggerdemoApplicationTests in 2.002 seconds (JVM running for 2.833)
]]></system-out>
  <system-err><![CDATA[]]></system-err>
</testsuite>
